c:\users\stagiaire3\desktop\4d-plugin-system-events\system events\objs\debug\vc140.pdb
c:\users\stagiaire3\desktop\4d-plugin-system-events\system events\objs\debug\vc140.idb
c:\users\stagiaire3\desktop\4d-plugin-system-events\system events\objs\debug\4dpluginapi.obj
c:\users\stagiaire3\desktop\4d-plugin-system-events\system events\objs\debug\array_boolean.obj
c:\users\stagiaire3\desktop\4d-plugin-system-events\system events\objs\debug\array_date.obj
c:\users\stagiaire3\desktop\4d-plugin-system-events\system events\objs\debug\array_integer.obj
c:\users\stagiaire3\desktop\4d-plugin-system-events\system events\objs\debug\array_longint.obj
c:\users\stagiaire3\desktop\4d-plugin-system-events\system events\objs\debug\array_real.obj
c:\users\stagiaire3\desktop\4d-plugin-system-events\system events\objs\debug\array_text.obj
c:\users\stagiaire3\desktop\4d-plugin-system-events\system events\objs\debug\array_time.obj
c:\users\stagiaire3\desktop\4d-plugin-system-events\system events\objs\debug\c_blob.obj
c:\users\stagiaire3\desktop\4d-plugin-system-events\system events\objs\debug\c_date.obj
c:\users\stagiaire3\desktop\4d-plugin-system-events\system events\objs\debug\c_integer.obj
c:\users\stagiaire3\desktop\4d-plugin-system-events\system events\objs\debug\c_longint.obj
c:\users\stagiaire3\desktop\4d-plugin-system-events\system events\objs\debug\c_picture.obj
c:\users\stagiaire3\desktop\4d-plugin-system-events\system events\objs\debug\c_pointer.obj
c:\users\stagiaire3\desktop\4d-plugin-system-events\system events\objs\debug\c_real.obj
c:\users\stagiaire3\desktop\4d-plugin-system-events\system events\objs\debug\c_text.obj
c:\users\stagiaire3\desktop\4d-plugin-system-events\system events\objs\debug\c_time.obj
c:\users\stagiaire3\desktop\4d-plugin-system-events\system events\objs\debug\4dplugin.obj
c:\users\stagiaire3\desktop\4d-plugin-system-events\system events\objs\debug\event.obj
c:\users\stagiaire3\desktop\4d-plugin-system-events\system events\objs\debug\systemeventsmanager.obj
c:\users\stagiaire3\desktop\4d-plugin-system-events\system events\system events.4dbase\plugins\system events.bundle\contents\windows\system events.ilk
c:\users\stagiaire3\desktop\4d-plugin-system-events\system events\system events.4dbase\plugins\system events.bundle\contents\windows\system events.4dx
c:\users\stagiaire3\desktop\4d-plugin-system-events\system events\system events.4dbase\plugins\system events.bundle\contents\windows\system events.pdb
c:\users\stagiaire3\desktop\4d-plugin-system-events\system events\system events.4dbase\plugins\system events.bundle\contents\windows\system events.lib
c:\users\stagiaire3\desktop\4d-plugin-system-events\system events\system events.4dbase\plugins\system events.bundle\contents\windows\system events.exp
c:\users\stagiaire3\desktop\4d-plugin-system-events\system events\objs\debug\system events.tlog\cl.command.1.tlog
c:\users\stagiaire3\desktop\4d-plugin-system-events\system events\objs\debug\system events.tlog\cl.read.1.tlog
c:\users\stagiaire3\desktop\4d-plugin-system-events\system events\objs\debug\system events.tlog\cl.write.1.tlog
c:\users\stagiaire3\desktop\4d-plugin-system-events\system events\objs\debug\system events.tlog\link.command.1.tlog
c:\users\stagiaire3\desktop\4d-plugin-system-events\system events\objs\debug\system events.tlog\link.read.1.tlog
c:\users\stagiaire3\desktop\4d-plugin-system-events\system events\objs\debug\system events.tlog\link.write.1.tlog
c:\users\stagiaire3\desktop\4d-plugin-system-events\system events\objs\debug\system events.tlog\system events.write.1u.tlog
